<?xml version="1.0" encoding="UTF-8"?>
<testsuite xmlns:xsi="http://www.w3.org/2001/XMLSchema-instance" xsi:noNamespaceSchemaLocation="https://maven.apache.org/surefire/maven-surefire-plugin/xsd/surefire-test-report.xsd" name="by.training.text.vocabulary.classes.VocabularyDefaultTest" time="0.001" tests="5" errors="0" skipped="0" failures="0">
  <properties>
[...]
</properties>
  <testcase name="isLetter" classname="by.training.text.vocabulary.classes.VocabularyDefaultTest" time="0"/>
  <testcase name="isValidWordSymbol" classname="by.training.text.vocabulary.classes.VocabularyDefaultTest" time="0"/>
  <testcase name="isPunctuationMark" classname="by.training.text.vocabulary.classes.VocabularyDefaultTest" time="0"/>
  <testcase name="isValidWord" classname="by.training.text.vocabulary.classes.VocabularyDefaultTest" time="0"/>
  <testcase name="isNumeric" classname="by.training.text.vocabulary.classes.VocabularyDefaultTest" time="0"/>
</testsuite>